TN:
SF:/home/david/dql/src/DQLAuthentication.js
FNF:0
FNH:0
DA:2,0
LF:1
LH:0
BRF:0
BRH:0
end_of_record
TN:
SF:/home/david/dql/src/DQLAuthenticationManager.ts
FN:9,(anonymous_0)
FN:19,(anonymous_1)
FN:31,(anonymous_2)
FN:34,(anonymous_3)
FN:35,(anonymous_4)
FN:36,(anonymous_5)
FN:83,(anonymous_6)
FN:105,(anonymous_7)
FN:130,(anonymous_8)
FN:149,(anonymous_9)
FN:183,(anonymous_10)
FN:189,(anonymous_11)
FN:194,(anonymous_12)
FN:196,(anonymous_13)
FNF:14
FNH:4
FNDA:19,(anonymous_0)
FNDA:0,(anonymous_1)
FNDA:0,(anonymous_2)
FNDA:0,(anonymous_3)
FNDA:0,(anonymous_4)
FNDA:0,(anonymous_5)
FNDA:0,(anonymous_6)
FNDA:5,(anonymous_7)
FNDA:9,(anonymous_8)
FNDA:0,(anonymous_9)
FNDA:10,(anonymous_10)
FNDA:0,(anonymous_11)
FNDA:0,(anonymous_12)
FNDA:0,(anonymous_13)
DA:3,1
DA:5,1
DA:10,19
DA:20,0
DA:33,0
DA:34,0
DA:35,0
DA:37,0
DA:40,0
DA:42,0
DA:43,0
DA:45,0
DA:46,0
DA:48,0
DA:55,0
DA:57,0
DA:58,0
DA:60,0
DA:68,0
DA:70,0
DA:71,0
DA:74,0
DA:78,0
DA:84,0
DA:85,0
DA:92,0
DA:107,5
DA:109,5
DA:111,4
DA:112,4
DA:114,4
DA:116,2
DA:132,9
DA:134,6
DA:136,6
DA:138,6
DA:140,6
DA:142,6
DA:144,6
DA:151,0
DA:153,0
DA:155,0
DA:156,0
DA:157,0
DA:160,0
DA:162,0
DA:163,0
DA:165,0
DA:184,10
DA:185,10
DA:186,10
DA:191,0
DA:193,0
DA:194,0
DA:195,0
DA:197,0
DA:206,0
LF:57
LH:19
BRDA:37,0,0,0
BRDA:37,0,1,0
BRDA:40,1,0,0
BRDA:40,1,1,0
BRDA:44,2,0,0
BRDA:44,2,1,0
BRDA:44,2,2,0
BRDA:45,3,0,0
BRDA:45,3,1,0
BRDA:57,4,0,0
BRDA:57,4,1,0
BRDA:70,5,0,0
BRDA:70,5,1,0
BRDA:84,6,0,0
BRDA:84,6,1,0
BRDA:109,7,0,1
BRDA:109,7,1,4
BRDA:114,8,0,2
BRDA:114,8,1,2
BRDA:132,9,0,3
BRDA:132,9,1,6
BRDA:134,10,0,1
BRDA:134,10,1,5
BRDA:136,11,0,0
BRDA:136,11,1,6
BRDA:138,12,0,0
BRDA:138,12,1,6
BRDA:142,13,0,0
BRDA:142,13,1,6
BRDA:155,14,0,0
BRDA:155,14,1,0
BRDA:157,15,0,0
BRDA:157,15,1,0
BRDA:161,16,0,0
BRDA:161,16,1,0
BRDA:184,17,0,0
BRDA:184,17,1,10
BRDA:193,18,0,0
BRDA:193,18,1,0
BRF:39
BRH:12
end_of_record
TN:
SF:/home/david/dql/src/DQLEndpoint.js
FNF:0
FNH:0
DA:2,0
LF:1
LH:0
BRF:0
BRH:0
end_of_record
TN:
SF:/home/david/dql/src/DQLEndpointController.ts
FN:93,(anonymous_0)
FNF:1
FNH:1
FNDA:3,(anonymous_0)
DA:91,1
LF:1
LH:1
BRF:0
BRH:0
end_of_record
TN:
SF:/home/david/dql/src/DQLEndpointControllerManager.js
FN:4,(anonymous_0)
FN:10,(anonymous_1)
FN:13,(anonymous_2)
FN:14,(anonymous_3)
FN:17,(anonymous_4)
FNF:5
FNH:0
FNDA:0,(anonymous_0)
FNDA:0,(anonymous_1)
FNDA:0,(anonymous_2)
FNDA:0,(anonymous_3)
FNDA:0,(anonymous_4)
DA:2,0
DA:5,0
DA:6,0
DA:7,0
DA:8,0
DA:11,0
DA:12,0
DA:13,0
DA:15,0
DA:18,0
DA:20,0
DA:23,0
LF:12
LH:0
BRDA:6,0,0,0
BRDA:6,0,1,0
BRDA:13,1,0,0
BRDA:13,1,1,0
BRF:4
BRH:0
end_of_record
TN:
SF:/home/david/dql/src/DQLEndpointManager.ts
FN:19,(anonymous_0)
FN:23,(anonymous_1)
FN:56,(anonymous_2)
FN:85,(anonymous_3)
FN:112,(anonymous_4)
FN:114,(anonymous_5)
FN:186,(anonymous_6)
FN:187,(anonymous_7)
FN:196,(anonymous_8)
FN:197,(anonymous_9)
FN:205,(anonymous_10)
FN:206,(anonymous_11)
FN:215,(anonymous_12)
FN:238,(anonymous_13)
FNF:14
FNH:7
FNDA:6,(anonymous_0)
FNDA:6,(anonymous_1)
FNDA:10,(anonymous_2)
FNDA:4,(anonymous_3)
FNDA:4,(anonymous_4)
FNDA:11,(anonymous_5)
FNDA:0,(anonymous_6)
FNDA:0,(anonymous_7)
FNDA:0,(anonymous_8)
FNDA:0,(anonymous_9)
FNDA:0,(anonymous_10)
FNDA:0,(anonymous_11)
FNDA:2,(anonymous_12)
FNDA:0,(anonymous_13)
DA:2,1
DA:3,1
DA:9,1
DA:20,6
DA:24,6
DA:25,6
DA:26,6
DA:28,1
DA:29,1
DA:31,2
DA:32,2
DA:34,3
DA:35,3
DA:38,6
DA:58,10
DA:59,4
DA:62,6
DA:64,0
DA:65,0
DA:66,0
DA:67,0
DA:68,0
DA:69,0
DA:71,6
DA:87,4
DA:89,0
DA:90,0
DA:92,4
DA:93,3
DA:94,3
DA:96,1
DA:98,0
DA:99,0
DA:114,4
DA:116,11
DA:117,6
DA:122,6
DA:187,0
DA:197,0
DA:198,0
DA:206,0
DA:216,2
DA:228,2
DA:239,0
DA:240,0
DA:243,0
LF:46
LH:29
BRDA:25,0,0,0
BRDA:25,0,1,6
BRDA:27,1,0,1
BRDA:27,1,1,2
BRDA:27,1,2,3
BRDA:56,2,0,4
BRDA:58,3,0,4
BRDA:58,3,1,6
BRDA:58,4,0,10
BRDA:58,4,1,10
BRDA:63,5,0,0
BRDA:63,5,1,6
BRDA:88,6,0,0
BRDA:88,6,1,4
BRDA:88,6,2,0
BRDA:92,7,0,3
BRDA:92,7,1,1
BRDA:116,8,0,6
BRDA:116,8,1,5
BRDA:206,9,0,0
BRDA:206,9,1,0
BRDA:239,10,0,0
BRDA:239,10,1,0
BRF:23
BRH:15
end_of_record
TN:
SF:/home/david/dql/src/DQLEndpointProperty.js
FNF:0
FNH:0
DA:2,0
LF:1
LH:0
BRF:0
BRH:0
end_of_record
TN:
SF:/home/david/dql/src/DQLServer.js
FN:2,(anonymous_0)
FN:5,(anonymous_1)
FN:23,(anonymous_2)
FN:28,(anonymous_3)
FN:31,(anonymous_4)
FN:45,(anonymous_5)
FN:70,(anonymous_6)
FN:72,(anonymous_7)
FN:99,(anonymous_8)
FN:103,(anonymous_9)
FN:117,(anonymous_10)
FN:118,(anonymous_11)
FN:124,(anonymous_12)
FN:139,(anonymous_13)
FN:150,(anonymous_14)
FN:158,(anonymous_15)
FN:159,(anonymous_16)
FN:168,(anonymous_17)
FN:187,(anonymous_18)
FN:198,(anonymous_19)
FN:217,(anonymous_20)
FN:231,(anonymous_21)
FN:272,(anonymous_22)
FN:279,(anonymous_23)
FN:299,(anonymous_24)
FN:301,(anonymous_25)
FN:313,(anonymous_26)
FNF:27
FNH:0
FNDA:0,(anonymous_0)
FNDA:0,(anonymous_1)
FNDA:0,(anonymous_2)
FNDA:0,(anonymous_3)
FNDA:0,(anonymous_4)
FNDA:0,(anonymous_5)
FNDA:0,(anonymous_6)
FNDA:0,(anonymous_7)
FNDA:0,(anonymous_8)
FNDA:0,(anonymous_9)
FNDA:0,(anonymous_10)
FNDA:0,(anonymous_11)
FNDA:0,(anonymous_12)
FNDA:0,(anonymous_13)
FNDA:0,(anonymous_14)
FNDA:0,(anonymous_15)
FNDA:0,(anonymous_16)
FNDA:0,(anonymous_17)
FNDA:0,(anonymous_18)
FNDA:0,(anonymous_19)
FNDA:0,(anonymous_20)
FNDA:0,(anonymous_21)
FNDA:0,(anonymous_22)
FNDA:0,(anonymous_23)
FNDA:0,(anonymous_24)
FNDA:0,(anonymous_25)
FNDA:0,(anonymous_26)
DA:2,0
DA:3,0
DA:5,0
DA:6,0
DA:7,0
DA:8,0
DA:9,0
DA:10,0
DA:12,0
DA:13,0
DA:14,0
DA:15,0
DA:16,0
DA:17,0
DA:18,0
DA:19,0
DA:20,0
DA:21,0
DA:24,0
DA:25,0
DA:26,0
DA:29,0
DA:30,0
DA:31,0
DA:32,0
DA:34,0
DA:46,0
DA:47,0
DA:48,0
DA:49,0
DA:50,0
DA:51,0
DA:52,0
DA:53,0
DA:71,0
DA:72,0
DA:73,0
DA:75,0
DA:76,0
DA:79,0
DA:100,0
DA:101,0
DA:102,0
DA:103,0
DA:104,0
DA:105,0
DA:106,0
DA:109,0
DA:110,0
DA:111,0
DA:112,0
DA:113,0
DA:115,0
DA:117,0
DA:118,0
DA:119,0
DA:124,0
DA:126,0
DA:127,0
DA:131,0
DA:140,0
DA:151,0
DA:152,0
DA:153,0
DA:159,0
DA:160,0
DA:162,0
DA:163,0
DA:164,0
DA:165,0
DA:166,0
DA:167,0
DA:168,0
DA:169,0
DA:173,0
DA:188,0
DA:189,0
DA:190,0
DA:191,0
DA:192,0
DA:193,0
DA:194,0
DA:195,0
DA:196,0
DA:197,0
DA:198,0
DA:199,0
DA:200,0
DA:207,0
DA:213,0
DA:215,0
DA:217,0
DA:218,0
DA:219,0
DA:220,0
DA:221,0
DA:222,0
DA:223,0
DA:224,0
DA:225,0
DA:226,0
DA:227,0
DA:228,0
DA:229,0
DA:230,0
DA:231,0
DA:232,0
DA:233,0
DA:234,0
DA:236,0
DA:237,0
DA:238,0
DA:240,0
DA:241,0
DA:242,0
DA:244,0
DA:245,0
DA:247,0
DA:248,0
DA:250,0
DA:251,0
DA:253,0
DA:254,0
DA:256,0
DA:257,0
DA:259,0
DA:260,0
DA:262,0
DA:263,0
DA:267,0
DA:268,0
DA:269,0
DA:271,0
DA:272,0
DA:273,0
DA:280,0
DA:281,0
DA:283,0
DA:284,0
DA:286,0
DA:287,0
DA:289,0
DA:290,0
DA:292,0
DA:293,0
DA:295,0
DA:296,0
DA:300,0
DA:301,0
DA:302,0
DA:303,0
DA:306,0
DA:314,0
DA:315,0
DA:316,0
DA:317,0
DA:320,0
DA:321,0
LF:158
LH:0
BRDA:2,0,0,0
BRDA:2,0,1,0
BRDA:2,0,2,0
BRDA:3,1,0,0
BRDA:3,1,1,0
BRDA:3,2,0,0
BRDA:3,2,1,0
BRDA:5,3,0,0
BRDA:5,3,1,0
BRDA:5,3,2,0
BRDA:6,4,0,0
BRDA:6,4,1,0
BRDA:6,5,0,0
BRDA:6,5,1,0
BRDA:8,6,0,0
BRDA:8,6,1,0
BRDA:8,7,0,0
BRDA:8,7,1,0
BRDA:29,8,0,0
BRDA:29,8,1,0
BRDA:46,9,0,0
BRDA:46,9,1,0
BRDA:49,10,0,0
BRDA:49,10,1,0
BRDA:50,11,0,0
BRDA:50,11,1,0
BRDA:52,12,0,0
BRDA:52,12,1,0
BRDA:52,13,0,0
BRDA:52,13,1,0
BRDA:73,14,0,0
BRDA:73,14,1,0
BRDA:109,15,0,0
BRDA:109,15,1,0
BRDA:111,16,0,0
BRDA:111,16,1,0
BRDA:115,17,0,0
BRDA:115,17,1,0
BRDA:163,18,0,0
BRDA:163,18,1,0
BRDA:165,19,0,0
BRDA:165,19,1,0
BRDA:167,20,0,0
BRDA:167,20,1,0
BRDA:199,21,0,0
BRDA:199,21,1,0
BRDA:227,22,0,0
BRDA:227,22,1,0
BRDA:229,23,0,0
BRDA:229,23,1,0
BRDA:230,24,0,0
BRDA:230,24,1,0
BRDA:232,25,0,0
BRDA:232,25,1,0
BRDA:236,26,0,0
BRDA:236,26,1,0
BRDA:240,27,0,0
BRDA:240,27,1,0
BRDA:245,28,0,0
BRDA:245,28,1,0
BRDA:245,28,2,0
BRDA:245,28,3,0
BRDA:245,28,4,0
BRDA:245,28,5,0
BRDA:272,29,0,0
BRDA:272,29,1,0
BRDA:272,30,0,0
BRDA:272,30,1,0
BRDA:281,31,0,0
BRDA:281,31,1,0
BRDA:281,31,2,0
BRDA:281,31,3,0
BRDA:281,31,4,0
BRDA:300,32,0,0
BRDA:300,32,1,0
BRF:75
BRH:0
end_of_record
TN:
SF:/home/david/dql/src/PropertyValidators.ts
FN:5,isNumber
FN:12,isBoolean
FN:19,isString
FNF:3
FNH:1
FNDA:0,isNumber
FNDA:0,isBoolean
FNDA:3,isString
DA:1,1
DA:2,1
DA:3,1
DA:5,1
DA:6,0
DA:7,0
DA:9,0
DA:12,1
DA:13,0
DA:14,0
DA:16,0
DA:19,1
DA:20,3
DA:21,0
DA:23,3
DA:24,1
DA:27,3
LF:17
LH:10
BRDA:6,0,0,0
BRDA:6,0,1,0
BRDA:13,1,0,0
BRDA:13,1,1,0
BRDA:20,2,0,0
BRDA:20,2,1,3
BRDA:23,3,0,1
BRDA:23,3,1,2
BRF:8
BRH:3
end_of_record
TN:
SF:/home/david/dql/src/firebase-auth/AuthCredentials.js
FNF:0
FNH:0
DA:2,0
LF:1
LH:0
BRF:0
BRH:0
end_of_record
TN:
SF:/home/david/dql/src/firebase-auth/AuthEmailLoginError.js
FNF:0
FNH:0
DA:2,0
LF:1
LH:0
BRF:0
BRH:0
end_of_record
TN:
SF:/home/david/dql/src/firebase-auth/AuthEmailLoginParams.js
FNF:0
FNH:0
DA:2,0
LF:1
LH:0
BRF:0
BRH:0
end_of_record
TN:
SF:/home/david/dql/src/firebase-auth/AuthEmailLoginResponse.js
FNF:0
FNH:0
DA:2,0
LF:1
LH:0
BRF:0
BRH:0
end_of_record
TN:
SF:/home/david/dql/src/firebase-auth/firebaseAuthLoginEmailPassword.ts
FN:15,(anonymous_7)
FN:15,(anonymous_8)
FN:17,(anonymous_9)
FN:36,(anonymous_10)
FN:36,(anonymous_11)
FNF:5
FNH:0
FNDA:0,(anonymous_7)
FNDA:0,(anonymous_8)
FNDA:0,(anonymous_9)
FNDA:0,(anonymous_10)
FNDA:0,(anonymous_11)
DA:1,1
DA:5,1
DA:7,1
DA:15,1
DA:17,0
DA:18,0
DA:21,0
DA:23,0
DA:25,0
DA:36,0
DA:37,0
DA:39,0
DA:40,0
DA:42,0
DA:43,0
DA:48,1
LF:16
LH:5
BRDA:38,0,0,0
BRDA:38,0,1,0
BRF:2
BRH:0
end_of_record
TN:
SF:/home/david/dql/src/firebase-auth/firebaseSignupEmailPassword.ts
FN:9,(anonymous_8)
FN:31,(anonymous_9)
FN:31,(anonymous_10)
FN:33,(anonymous_11)
FN:52,(anonymous_12)
FN:52,(anonymous_13)
FNF:6
FNH:0
FNDA:0,(anonymous_8)
FNDA:0,(anonymous_9)
FNDA:0,(anonymous_10)
FNDA:0,(anonymous_11)
FNDA:0,(anonymous_12)
FNDA:0,(anonymous_13)
DA:1,1
DA:5,1
DA:7,1
DA:9,1
DA:11,0
DA:20,0
DA:21,0
DA:26,0
DA:31,1
DA:33,0
DA:34,0
DA:37,0
DA:39,0
DA:41,0
DA:52,0
DA:53,0
DA:55,0
DA:56,0
DA:58,0
DA:59,0
DA:64,1
LF:21
LH:6
BRDA:20,0,0,0
BRDA:20,0,1,0
BRDA:54,1,0,0
BRDA:54,1,1,0
BRF:4
BRH:0
end_of_record
TN:
SF:/home/david/dql/src/firebase-auth/firebaseVerifyAuthToken.ts
FN:18,(anonymous_7)
FN:32,(anonymous_8)
FN:57,(anonymous_9)
FN:57,(anonymous_10)
FN:61,(anonymous_11)
FN:70,(anonymous_12)
FN:70,(anonymous_13)
FN:72,(anonymous_14)
FN:78,(anonymous_15)
FN:86,(anonymous_16)
FN:89,(anonymous_17)
FN:103,(anonymous_18)
FNF:12
FNH:0
FNDA:0,(anonymous_7)
FNDA:0,(anonymous_8)
FNDA:0,(anonymous_9)
FNDA:0,(anonymous_10)
FNDA:0,(anonymous_11)
FNDA:0,(anonymous_12)
FNDA:0,(anonymous_13)
FNDA:0,(anonymous_14)
FNDA:0,(anonymous_15)
FNDA:0,(anonymous_16)
FNDA:0,(anonymous_17)
FNDA:0,(anonymous_18)
DA:1,1
DA:2,1
DA:10,1
DA:18,1
DA:19,0
DA:20,0
DA:22,0
DA:32,1
DA:34,0
DA:38,0
DA:40,0
DA:42,0
DA:43,0
DA:44,0
DA:46,0
DA:57,1
DA:58,0
DA:61,0
DA:70,1
DA:72,0
DA:73,0
DA:76,0
DA:78,0
DA:79,0
DA:82,0
DA:84,0
DA:86,0
DA:87,0
DA:90,0
DA:91,0
DA:93,0
DA:94,0
DA:95,0
DA:105,0
DA:107,0
DA:115,0
DA:119,1
LF:37
LH:8
BRDA:20,0,0,0
BRDA:20,0,1,0
BRDA:38,1,0,0
BRDA:38,1,1,0
BRDA:42,2,0,0
BRDA:42,2,1,0
BRDA:43,3,0,0
BRDA:43,3,1,0
BRDA:44,4,0,0
BRDA:44,4,1,0
BRDA:48,5,0,0
BRDA:48,5,1,0
BRDA:82,6,0,0
BRDA:82,6,1,0
BRDA:90,7,0,0
BRDA:90,7,1,0
BRDA:105,8,0,0
BRDA:105,8,1,0
BRDA:109,9,0,0
BRDA:109,9,1,0
BRDA:110,10,0,0
BRDA:110,10,1,0
BRF:22
BRH:0
end_of_record
TN:
SF:/home/david/dql/src/firebase-auth/handleFirebaseError.js
FN:2,(anonymous_0)
FN:30,(anonymous_1)
FNF:2
FNH:0
FNDA:0,(anonymous_0)
FNDA:0,(anonymous_1)
DA:2,0
DA:3,0
DA:4,0
DA:5,0
DA:6,0
DA:7,0
DA:9,0
DA:10,0
DA:11,0
DA:30,0
DA:31,0
DA:34,0
DA:45,0
DA:46,0
DA:47,0
DA:50,0
DA:53,0
LF:17
LH:0
BRDA:2,0,0,0
BRDA:2,0,1,0
BRDA:2,0,2,0
BRDA:3,1,0,0
BRDA:3,1,1,0
BRDA:3,2,0,0
BRDA:3,2,1,0
BRDA:5,3,0,0
BRDA:5,3,1,0
BRDA:5,4,0,0
BRDA:5,4,1,0
BRDA:46,5,0,0
BRDA:46,5,1,0
BRF:13
BRH:0
end_of_record
TN:
SF:/home/david/dql/src/firebase-auth/index.ts
FNF:0
FNH:0
DA:1,1
DA:2,1
DA:3,1
DA:5,1
LF:4
LH:4
BRF:0
BRH:0
end_of_record
